This file contains any messages produced by compilers while
running configure, to aid debugging if configure makes a mistake.

It was created by configure, which was
generated by GNU Autoconf 2.64.  Invocation command line was

  $ ../gcc-8.3.0/configure --disable-multilib --prefix=/home/aerol3/Documents/cote-master/dependencies/parse-json-0.1.0/gcc-8.3.0-build/../gcc-8.3.0-install

## --------- ##
## Platform. ##
## --------- ##

hostname = Linux-COTE-exp
uname -m = x86_64
uname -r = 6.5.0-17-generic
uname -s = Linux
uname -v = #17~22.04.1-Ubuntu SMP PREEMPT_DYNAMIC Tue Jan 16 14:32:32 UTC 2

/usr/bin/uname -p = x86_64
/bin/uname -X     = unknown

/bin/arch              = x86_64
/usr/bin/arch -k       = unknown
/usr/convex/getsysinfo = unknown
/usr/bin/hostinfo      = unknown
/bin/machine           = unknown
/usr/bin/oslevel       = unknown
/bin/universe          = unknown

PATH: /usr/local/sbin
PATH: /usr/local/bin
PATH: /usr/sbin
PATH: /usr/bin
PATH: /sbin
PATH: /bin
PATH: /usr/games
PATH: /usr/local/games
PATH: /snap/bin
PATH: /snap/bin


## ----------- ##
## Core tests. ##
## ----------- ##

configure:2304: checking build system type
configure:2318: result: x86_64-pc-linux-gnu
configure:2365: checking host system type
configure:2378: result: x86_64-pc-linux-gnu
configure:2398: checking target system type
configure:2411: result: x86_64-pc-linux-gnu
configure:2465: checking for a BSD-compatible install
configure:2533: result: /usr/bin/install -c
configure:2544: checking whether ln works
configure:2566: result: yes
configure:2570: checking whether ln -s works
configure:2574: result: yes
configure:2581: checking for a sed that does not truncate output
configure:2645: result: /usr/bin/sed
configure:2654: checking for gawk
configure:2684: result: no
configure:2654: checking for mawk
configure:2670: found /usr/bin/mawk
configure:2681: result: mawk
configure:3174: checking for libatomic support
configure:3184: result: yes
configure:3212: checking for libitm support
configure:3222: result: yes
configure:3231: checking for libsanitizer support
configure:3241: result: yes
configure:3250: checking for libvtv support
configure:3260: result: yes
configure:3270: checking for libmpx support
configure:3280: result: yes
configure:3289: checking for libhsail-rt support
configure:3301: result: yes
configure:4008: checking for gcc
configure:4024: found /usr/bin/gcc
configure:4035: result: gcc
configure:4264: checking for C compiler version
configure:4273: gcc --version >&5
gcc (Ubuntu 11.4.0-1ubuntu1~22.04) 11.4.0
Copyright (C) 2021 Free Software Foundation, Inc.
This is free software; see the source for copying conditions.  There is NO
warranty; not even for MERCHANTABILITY or FITNESS FOR A PARTICULAR PURPOSE.

configure:4284: $? = 0
configure:4273: gcc -v >&5
Using built-in specs.
COLLECT_GCC=gcc
COLLECT_LTO_WRAPPER=/usr/lib/gcc/x86_64-linux-gnu/11/lto-wrapper
OFFLOAD_TARGET_NAMES=nvptx-none:amdgcn-amdhsa
OFFLOAD_TARGET_DEFAULT=1
Target: x86_64-linux-gnu
Configured with: ../src/configure -v --with-pkgversion='Ubuntu 11.4.0-1ubuntu1~22.04' --with-bugurl=file:///usr/share/doc/gcc-11/README.Bugs --enable-languages=c,ada,c++,go,brig,d,fortran,objc,obj-c++,m2 --prefix=/usr --with-gcc-major-version-only --program-suffix=-11 --program-prefix=x86_64-linux-gnu- --enable-shared --enable-linker-build-id --libexecdir=/usr/lib --without-included-gettext --enable-threads=posix --libdir=/usr/lib --enable-nls --enable-bootstrap --enable-clocale=gnu --enable-libstdcxx-debug --enable-libstdcxx-time=yes --with-default-libstdcxx-abi=new --enable-gnu-unique-object --disable-vtable-verify --enable-plugin --enable-default-pie --with-system-zlib --enable-libphobos-checking=release --with-target-system-zlib=auto --enable-objc-gc=auto --enable-multiarch --disable-werror --enable-cet --with-arch-32=i686 --with-abi=m64 --with-multilib-list=m32,m64,mx32 --enable-multilib --with-tune=generic --enable-offload-targets=nvptx-none=/build/gcc-11-XeT9lY/gcc-11-11.4.0/debian/tmp-nvptx/usr,amdgcn-amdhsa=/build/gcc-11-XeT9lY/gcc-11-11.4.0/debian/tmp-gcn/usr --without-cuda-driver --enable-checking=release --build=x86_64-linux-gnu --host=x86_64-linux-gnu --target=x86_64-linux-gnu --with-build-config=bootstrap-lto-lean --enable-link-serialization=2
Thread model: posix
Supported LTO compression algorithms: zlib zstd
gcc version 11.4.0 (Ubuntu 11.4.0-1ubuntu1~22.04) 
... rest of stderr output deleted ...
configure:4284: $? = 0
configure:4273: gcc -V >&5
gcc: error: unrecognized command-line option '-V'
gcc: fatal error: no input files
compilation terminated.
configure:4284: $? = 1
configure:4273: gcc -qversion >&5
gcc: error: unrecognized command-line option '-qversion'; did you mean '--version'?
gcc: fatal error: no input files
compilation terminated.
configure:4284: $? = 1
configure:4304: checking for C compiler default output file name
configure:4326: gcc    conftest.c  >&5
configure:4330: $? = 0
configure:4367: result: a.out
configure:4383: checking whether the C compiler works
configure:4392: ./a.out
configure:4396: $? = 0
configure:4411: result: yes
configure:4418: checking whether we are cross compiling
configure:4420: result: no
configure:4423: checking for suffix of executables
configure:4430: gcc -o conftest    conftest.c  >&5
configure:4434: $? = 0
configure:4456: result: 
configure:4462: checking for suffix of object files
configure:4484: gcc -c   conftest.c >&5
configure:4488: $? = 0
configure:4509: result: o
configure:4513: checking whether we are using the GNU C compiler
configure:4532: gcc -c   conftest.c >&5
configure:4532: $? = 0
configure:4541: result: yes
configure:4550: checking whether gcc accepts -g
configure:4570: gcc -c -g  conftest.c >&5
configure:4570: $? = 0
configure:4611: result: yes
configure:4628: checking for gcc option to accept ISO C89
configure:4692: gcc  -c -g -O2  conftest.c >&5
configure:4692: $? = 0
configure:4705: result: none needed
configure:4783: checking for g++
configure:4799: found /usr/bin/g++
configure:4810: result: g++
configure:4837: checking for C++ compiler version
configure:4846: g++ --version >&5
g++ (Ubuntu 11.4.0-1ubuntu1~22.04) 11.4.0
Copyright (C) 2021 Free Software Foundation, Inc.
This is free software; see the source for copying conditions.  There is NO
warranty; not even for MERCHANTABILITY or FITNESS FOR A PARTICULAR PURPOSE.

configure:4857: $? = 0
configure:4846: g++ -v >&5
Using built-in specs.
COLLECT_GCC=g++
COLLECT_LTO_WRAPPER=/usr/lib/gcc/x86_64-linux-gnu/11/lto-wrapper
OFFLOAD_TARGET_NAMES=nvptx-none:amdgcn-amdhsa
OFFLOAD_TARGET_DEFAULT=1
Target: x86_64-linux-gnu
Configured with: ../src/configure -v --with-pkgversion='Ubuntu 11.4.0-1ubuntu1~22.04' --with-bugurl=file:///usr/share/doc/gcc-11/README.Bugs --enable-languages=c,ada,c++,go,brig,d,fortran,objc,obj-c++,m2 --prefix=/usr --with-gcc-major-version-only --program-suffix=-11 --program-prefix=x86_64-linux-gnu- --enable-shared --enable-linker-build-id --libexecdir=/usr/lib --without-included-gettext --enable-threads=posix --libdir=/usr/lib --enable-nls --enable-bootstrap --enable-clocale=gnu --enable-libstdcxx-debug --enable-libstdcxx-time=yes --with-default-libstdcxx-abi=new --enable-gnu-unique-object --disable-vtable-verify --enable-plugin --enable-default-pie --with-system-zlib --enable-libphobos-checking=release --with-target-system-zlib=auto --enable-objc-gc=auto --enable-multiarch --disable-werror --enable-cet --with-arch-32=i686 --with-abi=m64 --with-multilib-list=m32,m64,mx32 --enable-multilib --with-tune=generic --enable-offload-targets=nvptx-none=/build/gcc-11-XeT9lY/gcc-11-11.4.0/debian/tmp-nvptx/usr,amdgcn-amdhsa=/build/gcc-11-XeT9lY/gcc-11-11.4.0/debian/tmp-gcn/usr --without-cuda-driver --enable-checking=release --build=x86_64-linux-gnu --host=x86_64-linux-gnu --target=x86_64-linux-gnu --with-build-config=bootstrap-lto-lean --enable-link-serialization=2
Thread model: posix
Supported LTO compression algorithms: zlib zstd
gcc version 11.4.0 (Ubuntu 11.4.0-1ubuntu1~22.04) 
... rest of stderr output deleted ...
configure:4857: $? = 0
configure:4846: g++ -V >&5
g++: error: unrecognized command-line option '-V'
g++: fatal error: no input files
compilation terminated.
configure:4857: $? = 1
configure:4846: g++ -qversion >&5
g++: error: unrecognized command-line option '-qversion'; did you mean '--version'?
g++: fatal error: no input files
compilation terminated.
configure:4857: $? = 1
configure:4861: checking whether we are using the GNU C++ compiler
configure:4880: g++ -c   conftest.cpp >&5
configure:4880: $? = 0
configure:4889: result: yes
configure:4898: checking whether g++ accepts -g
configure:4918: g++ -c -g  conftest.cpp >&5
configure:4918: $? = 0
configure:4959: result: yes
configure:5008: checking whether g++ accepts -static-libstdc++ -static-libgcc
configure:5025: g++ -o conftest -g -O2   -static-libstdc++ -static-libgcc conftest.cpp  >&5
configure:5025: $? = 0
configure:5026: result: yes
configure:5090: checking for gnatbind
configure:5120: result: no
configure:5182: checking for gnatmake
configure:5212: result: no
configure:5231: checking whether compiler driver understands Ada
configure:5254: result: no
configure:5263: checking how to compare bootstrapped objects
configure:5288: result: cmp --ignore-initial=16 $$f1 $$f2
configure:5348: checking for objdir
configure:5363: result: .libs
configure:5911: checking for isl 0.15 or later
configure:5924: gcc -o conftest -g -O2  -I$$r/$(HOST_SUBDIR)/gmp -I$$s/gmp -I$$s/mpc/src     -lisl -L$$r/$(HOST_SUBDIR)/gmp/.libs -L$$r/$(HOST_SUBDIR)/mpc/src/.libs -lmpc -lmpfr -lgmp conftest.c  -lisl -lgmp >&5
conftest.c:10:10: fatal error: isl/schedule.h: No such file or directory
   10 | #include <isl/schedule.h>
      |          ^~~~~~~~~~~~~~~~
compilation terminated.
configure:5924: $? = 1
configure: failed program was:
| /* confdefs.h */
| #define PACKAGE_NAME ""
| #define PACKAGE_TARNAME ""
| #define PACKAGE_VERSION ""
| #define PACKAGE_STRING ""
| #define PACKAGE_BUGREPORT ""
| #define PACKAGE_URL ""
| #define LT_OBJDIR ".libs/"
| /* end confdefs.h.  */
| #include <isl/schedule.h>
| int
| main ()
| {
| isl_options_set_schedule_serialize_sccs (NULL, 0);
|   ;
|   return 0;
| }
configure:5931: result: no
configure:5935: result: required isl version is 0.15 or later
configure:7028: checking for default BUILD_CONFIG
configure:7060: result: bootstrap-debug
configure:7065: checking for --enable-vtable-verify
configure:7078: result: no
configure:7678: checking for bison
configure:7708: result: no
configure:7678: checking for byacc
configure:7708: result: no
configure:7678: checking for yacc
configure:7708: result: no
configure:7725: checking for bison
configure:7755: result: no
configure:7772: checking for gm4
configure:7802: result: no
configure:7772: checking for gnum4
configure:7802: result: no
configure:7772: checking for m4
configure:7802: result: no
configure:7819: checking for flex
configure:7849: result: no
configure:7819: checking for lex
configure:7849: result: no
configure:7867: checking for flex
configure:7897: result: no
configure:7914: checking for makeinfo
configure:7944: result: no
configure:7975: checking for expect
configure:8005: result: no
configure:8024: checking for runtest
configure:8054: result: no
configure:8169: checking for ar
configure:8185: found /usr/bin/ar
configure:8196: result: ar
configure:8310: checking for as
configure:8326: found /usr/bin/as
configure:8337: result: as
configure:8451: checking for dlltool
configure:8481: result: no
configure:8592: checking for ld
configure:8608: found /usr/bin/ld
configure:8619: result: ld
configure:8733: checking for lipo
configure:8763: result: no
configure:8874: checking for nm
configure:8890: found /usr/bin/nm
configure:8901: result: nm
configure:9015: checking for ranlib
configure:9031: found /usr/bin/ranlib
configure:9042: result: ranlib
configure:9151: checking for strip
configure:9167: found /usr/bin/strip
configure:9178: result: strip
configure:9287: checking for windres
configure:9317: result: no
configure:9428: checking for windmc
configure:9458: result: no
configure:9569: checking for objcopy
configure:9585: found /usr/bin/objcopy
configure:9596: result: objcopy
configure:9710: checking for objdump
configure:9726: found /usr/bin/objdump
configure:9737: result: objdump
configure:9851: checking for readelf
configure:9867: found /usr/bin/readelf
configure:9878: result: readelf
configure:10031: checking for cc
configure:10047: found /usr/bin/cc
configure:10058: result: cc
configure:10192: checking for c++
configure:10208: found /usr/bin/c++
configure:10219: result: c++
configure:10353: checking for gcc
configure:10369: found /usr/bin/gcc
configure:10380: result: gcc
configure:10509: checking for gfortran
configure:10539: result: no
configure:10670: checking for gccgo
configure:10700: result: no
configure:10761: checking for ar
configure:10794: result: no
configure:10911: checking for ar
configure:10927: found /usr/bin/ar
configure:10938: result: ar
configure:10991: checking for as
configure:11024: result: no
configure:11141: checking for as
configure:11157: found /usr/bin/as
configure:11168: result: as
configure:11221: checking for dlltool
configure:11254: result: no
configure:11371: checking for dlltool
configure:11401: result: no
configure:11451: checking for ld
configure:11484: result: no
configure:11601: checking for ld
configure:11617: found /usr/bin/ld
configure:11628: result: ld
configure:11681: checking for lipo
configure:11714: result: no
configure:11831: checking for lipo
configure:11861: result: no
configure:11911: checking for nm
configure:11944: result: no
configure:12061: checking for nm
configure:12077: found /usr/bin/nm
configure:12088: result: nm
configure:12141: checking for objcopy
configure:12174: result: no
configure:12291: checking for objcopy
configure:12307: found /usr/bin/objcopy
configure:12318: result: objcopy
configure:12371: checking for objdump
configure:12404: result: no
configure:12521: checking for objdump
configure:12537: found /usr/bin/objdump
configure:12548: result: objdump
configure:12601: checking for ranlib
configure:12634: result: no
configure:12751: checking for ranlib
configure:12767: found /usr/bin/ranlib
configure:12778: result: ranlib
configure:12831: checking for readelf
configure:12864: result: no
configure:12981: checking for readelf
configure:12997: found /usr/bin/readelf
configure:13008: result: readelf
configure:13061: checking for strip
configure:13094: result: no
configure:13211: checking for strip
configure:13227: found /usr/bin/strip
configure:13238: result: strip
configure:13291: checking for windres
configure:13324: result: no
configure:13441: checking for windres
configure:13471: result: no
configure:13521: checking for windmc
configure:13554: result: no
configure:13671: checking for windmc
configure:13701: result: no
configure:13729: checking where to find the target ar
configure:13762: result: host tool
configure:13771: checking where to find the target as
configure:13804: result: host tool
configure:13813: checking where to find the target cc
configure:13836: result: just compiled
configure:13855: checking where to find the target c++
configure:13881: result: just compiled
configure:13900: checking where to find the target c++ for libstdc++
configure:13926: result: just compiled
configure:13945: checking where to find the target dlltool
configure:13978: result: host tool
configure:13987: checking where to find the target gcc
configure:14010: result: just compiled
configure:14029: checking where to find the target gfortran
configure:14055: result: just compiled
configure:14074: checking where to find the target gccgo
configure:14110: result: host tool
configure:14119: checking where to find the target ld
configure:14152: result: host tool
configure:14161: checking where to find the target lipo
configure:14183: result: host tool
configure:14192: checking where to find the target nm
configure:14225: result: host tool
configure:14234: checking where to find the target objcopy
configure:14267: result: host tool
configure:14276: checking where to find the target objdump
configure:14309: result: host tool
configure:14318: checking where to find the target ranlib
configure:14351: result: host tool
configure:14360: checking where to find the target readelf
configure:14393: result: host tool
configure:14402: checking where to find the target strip
configure:14435: result: host tool
configure:14444: checking where to find the target windres
configure:14477: result: host tool
configure:14486: checking where to find the target windmc
configure:14519: result: host tool
configure:14556: checking whether to enable maintainer-specific portions of Makefiles
configure:14565: result: no
configure:14788: creating ./config.status

## ---------------------- ##
## Running config.status. ##
## ---------------------- ##

This file was extended by config.status, which was
generated by GNU Autoconf 2.64.  Invocation command line was

  CONFIG_FILES    = 
  CONFIG_HEADERS  = 
  CONFIG_LINKS    = 
  CONFIG_COMMANDS = 
  $ ./config.status 

on Linux-COTE-exp

config.status:1015: creating Makefile

## ---------------- ##
## Cache variables. ##
## ---------------- ##

ac_cv_build=x86_64-pc-linux-gnu
ac_cv_c_compiler_gnu=yes
ac_cv_cxx_compiler_gnu=yes
ac_cv_env_AR_FOR_TARGET_set=
ac_cv_env_AR_FOR_TARGET_value=
ac_cv_env_AR_set=
ac_cv_env_AR_value=
ac_cv_env_AS_FOR_TARGET_set=
ac_cv_env_AS_FOR_TARGET_value=
ac_cv_env_AS_set=
ac_cv_env_AS_value=
ac_cv_env_CCC_set=
ac_cv_env_CCC_value=
ac_cv_env_CC_FOR_TARGET_set=
ac_cv_env_CC_FOR_TARGET_value=
ac_cv_env_CC_set=
ac_cv_env_CC_value=
ac_cv_env_CFLAGS_set=
ac_cv_env_CFLAGS_value=
ac_cv_env_CPPFLAGS_set=
ac_cv_env_CPPFLAGS_value=
ac_cv_env_CXXFLAGS_set=
ac_cv_env_CXXFLAGS_value=
ac_cv_env_CXX_FOR_TARGET_set=
ac_cv_env_CXX_FOR_TARGET_value=
ac_cv_env_CXX_set=
ac_cv_env_CXX_value=
ac_cv_env_DLLTOOL_FOR_TARGET_set=
ac_cv_env_DLLTOOL_FOR_TARGET_value=
ac_cv_env_DLLTOOL_set=
ac_cv_env_DLLTOOL_value=
ac_cv_env_GCC_FOR_TARGET_set=
ac_cv_env_GCC_FOR_TARGET_value=
ac_cv_env_GFORTRAN_FOR_TARGET_set=
ac_cv_env_GFORTRAN_FOR_TARGET_value=
ac_cv_env_GOC_FOR_TARGET_set=
ac_cv_env_GOC_FOR_TARGET_value=
ac_cv_env_LDFLAGS_set=
ac_cv_env_LDFLAGS_value=
ac_cv_env_LD_FOR_TARGET_set=
ac_cv_env_LD_FOR_TARGET_value=
ac_cv_env_LD_set=
ac_cv_env_LD_value=
ac_cv_env_LIBS_set=
ac_cv_env_LIBS_value=
ac_cv_env_LIPO_FOR_TARGET_set=
ac_cv_env_LIPO_FOR_TARGET_value=
ac_cv_env_LIPO_set=
ac_cv_env_LIPO_value=
ac_cv_env_NM_FOR_TARGET_set=
ac_cv_env_NM_FOR_TARGET_value=
ac_cv_env_NM_set=
ac_cv_env_NM_value=
ac_cv_env_OBJCOPY_FOR_TARGET_set=
ac_cv_env_OBJCOPY_FOR_TARGET_value=
ac_cv_env_OBJCOPY_set=
ac_cv_env_OBJCOPY_value=
ac_cv_env_OBJDUMP_FOR_TARGET_set=
ac_cv_env_OBJDUMP_FOR_TARGET_value=
ac_cv_env_OBJDUMP_set=
ac_cv_env_OBJDUMP_value=
ac_cv_env_RANLIB_FOR_TARGET_set=
ac_cv_env_RANLIB_FOR_TARGET_value=
ac_cv_env_RANLIB_set=
ac_cv_env_RANLIB_value=
ac_cv_env_READELF_FOR_TARGET_set=
ac_cv_env_READELF_FOR_TARGET_value=
ac_cv_env_READELF_set=
ac_cv_env_READELF_value=
ac_cv_env_STRIP_FOR_TARGET_set=
ac_cv_env_STRIP_FOR_TARGET_value=
ac_cv_env_STRIP_set=
ac_cv_env_STRIP_value=
ac_cv_env_WINDMC_FOR_TARGET_set=
ac_cv_env_WINDMC_FOR_TARGET_value=
ac_cv_env_WINDMC_set=
ac_cv_env_WINDMC_value=
ac_cv_env_WINDRES_FOR_TARGET_set=
ac_cv_env_WINDRES_FOR_TARGET_value=
ac_cv_env_WINDRES_set=
ac_cv_env_WINDRES_value=
ac_cv_env_build_alias_set=
ac_cv_env_build_alias_value=
ac_cv_env_build_configargs_set=
ac_cv_env_build_configargs_value=
ac_cv_env_host_alias_set=
ac_cv_env_host_alias_value=
ac_cv_env_host_configargs_set=
ac_cv_env_host_configargs_value=
ac_cv_env_target_alias_set=
ac_cv_env_target_alias_value=
ac_cv_env_target_configargs_set=
ac_cv_env_target_configargs_value=
ac_cv_host=x86_64-pc-linux-gnu
ac_cv_objext=o
ac_cv_path_SED=/usr/bin/sed
ac_cv_path_install='/usr/bin/install -c'
ac_cv_prog_AR=ar
ac_cv_prog_AR_FOR_TARGET=ar
ac_cv_prog_AS=as
ac_cv_prog_AS_FOR_TARGET=as
ac_cv_prog_AWK=mawk
ac_cv_prog_CC_FOR_TARGET=cc
ac_cv_prog_CXX_FOR_TARGET=c++
ac_cv_prog_GCC_FOR_TARGET=gcc
ac_cv_prog_LD=ld
ac_cv_prog_LD_FOR_TARGET=ld
ac_cv_prog_NM=nm
ac_cv_prog_NM_FOR_TARGET=nm
ac_cv_prog_OBJCOPY=objcopy
ac_cv_prog_OBJCOPY_FOR_TARGET=objcopy
ac_cv_prog_OBJDUMP=objdump
ac_cv_prog_OBJDUMP_FOR_TARGET=objdump
ac_cv_prog_RANLIB=ranlib
ac_cv_prog_RANLIB_FOR_TARGET=ranlib
ac_cv_prog_READELF=readelf
ac_cv_prog_READELF_FOR_TARGET=readelf
ac_cv_prog_STRIP=strip
ac_cv_prog_STRIP_FOR_TARGET=strip
ac_cv_prog_ac_ct_CC=gcc
ac_cv_prog_ac_ct_CXX=g++
ac_cv_prog_cc_c89=
ac_cv_prog_cc_g=yes
ac_cv_prog_cxx_g=yes
ac_cv_target=x86_64-pc-linux-gnu
acx_cv_cc_gcc_supports_ada=no
acx_cv_prog_LN=ln
gcc_cv_isl=no
gcc_cv_prog_cmp_skip='cmp --ignore-initial=16 $$f1 $$f2'
gcc_cv_tool_dirs=/home/aerol3/Documents/cote-master/dependencies/parse-json-0.1.0/gcc-8.3.0-build/../gcc-8.3.0-install/libexec/gcc/x86_64-pc-linux-gnu/8.3.0:/home/aerol3/Documents/cote-master/dependencies/parse-json-0.1.0/gcc-8.3.0-build/../gcc-8.3.0-install/libexec/gcc/x86_64-pc-linux-gnu:/usr/lib/gcc/x86_64-pc-linux-gnu/8.3.0:/usr/lib/gcc/x86_64-pc-linux-gnu:/home/aerol3/Documents/cote-master/dependencies/parse-json-0.1.0/gcc-8.3.0-build/../gcc-8.3.0-install/x86_64-pc-linux-gnu/bin/x86_64-pc-linux-gnu/8.3.0:/home/aerol3/Documents/cote-master/dependencies/parse-json-0.1.0/gcc-8.3.0-build/../gcc-8.3.0-install/x86_64-pc-linux-gnu/bin:
gcc_cv_tool_prefix=/home/aerol3/Documents/cote-master/dependencies/parse-json-0.1.0/gcc-8.3.0-build/../gcc-8.3.0-install
lt_cv_objdir=.libs

## ----------------- ##
## Output variables. ##
## ----------------- ##

AR='ar'
AR_FOR_BUILD='$(AR)'
AR_FOR_TARGET='$(AR)'
AS='as'
AS_FOR_BUILD='$(AS)'
AS_FOR_TARGET='$(AS)'
AWK='mawk'
BISON='/home/aerol3/Documents/cote-master/dependencies/parse-json-0.1.0/gcc-8.3.0/missing bison'
BUILD_CONFIG='bootstrap-debug'
CC='gcc'
CC_FOR_BUILD='$(CC)'
CC_FOR_TARGET='$$r/$(HOST_SUBDIR)/gcc/xgcc -B$$r/$(HOST_SUBDIR)/gcc/'
CFLAGS='-g -O2'
CFLAGS_FOR_BUILD='-g -O2'
CFLAGS_FOR_TARGET='-g -O2'
COMPILER_AS_FOR_TARGET='$$r/$(HOST_SUBDIR)/gcc/as'
COMPILER_LD_FOR_TARGET='$$r/$(HOST_SUBDIR)/gcc/collect-ld'
COMPILER_NM_FOR_TARGET='$$r/$(HOST_SUBDIR)/gcc/nm'
CONFIGURE_GDB_TK=''
CPPFLAGS=''
CXX='g++ -std=gnu++98'
CXXFLAGS='-g -O2'
CXXFLAGS_FOR_BUILD='-g -O2'
CXXFLAGS_FOR_TARGET='-g -O2'
CXX_FOR_BUILD='$(CXX)'
CXX_FOR_TARGET='$$r/$(HOST_SUBDIR)/gcc/xg++ -B$$r/$(HOST_SUBDIR)/gcc/ -nostdinc++ `if test -f $$r/$(TARGET_SUBDIR)/libstdc++-v3/scripts/testsuite_flags; then $(SHELL) $$r/$(TARGET_SUBDIR)/libstdc++-v3/scripts/testsuite_flags --build-includes; else echo -funconfigured-libstdc++-v3 ; fi` -L$$r/$(TARGET_SUBDIR)/libstdc++-v3/src -L$$r/$(TARGET_SUBDIR)/libstdc++-v3/src/.libs -L$$r/$(TARGET_SUBDIR)/libstdc++-v3/libsupc++/.libs'
DEBUG_PREFIX_CFLAGS_FOR_TARGET=''
DEFS='-DPACKAGE_NAME=\"\" -DPACKAGE_TARNAME=\"\" -DPACKAGE_VERSION=\"\" -DPACKAGE_STRING=\"\" -DPACKAGE_BUGREPORT=\"\" -DPACKAGE_URL=\"\" -DLT_OBJDIR=\".libs/\"'
DLLTOOL='dlltool'
DLLTOOL_FOR_BUILD='$(DLLTOOL)'
DLLTOOL_FOR_TARGET='$(DLLTOOL)'
ECHO_C=''
ECHO_N='-n'
ECHO_T=''
EXEEXT=''
EXPECT='expect'
FLAGS_FOR_TARGET=' -B$(build_tooldir)/bin/ -B$(build_tooldir)/lib/ -isystem $(build_tooldir)/include -isystem $(build_tooldir)/sys-include'
FLEX='/home/aerol3/Documents/cote-master/dependencies/parse-json-0.1.0/gcc-8.3.0/missing flex'
GCC_FOR_TARGET='$$r/$(HOST_SUBDIR)/gcc/xgcc -B$$r/$(HOST_SUBDIR)/gcc/'
GCC_SHLIB_SUBDIR=''
GDB_TK=''
GFORTRAN_FOR_BUILD='$(GFORTRAN)'
GFORTRAN_FOR_TARGET='$$r/$(HOST_SUBDIR)/gcc/gfortran -B$$r/$(HOST_SUBDIR)/gcc/'
GNATBIND='no'
GNATMAKE='no'
GOC_FOR_BUILD='$(GOC)'
GOC_FOR_TARGET='$(GOC)'
INSTALL_DATA='${INSTALL} -m 644'
INSTALL_GDB_TK=''
INSTALL_PROGRAM='${INSTALL}'
INSTALL_SCRIPT='${INSTALL}'
LD='ld'
LDFLAGS=''
LDFLAGS_FOR_BUILD=''
LDFLAGS_FOR_TARGET=''
LD_FOR_BUILD='$(LD)'
LD_FOR_TARGET='$(LD)'
LEX='/home/aerol3/Documents/cote-master/dependencies/parse-json-0.1.0/gcc-8.3.0/missing flex'
LIBOBJS=''
LIBS=''
LIPO='lipo'
LIPO_FOR_TARGET='$(LIPO)'
LN='ln'
LN_S='ln -s'
LTLIBOBJS=''
M4='/home/aerol3/Documents/cote-master/dependencies/parse-json-0.1.0/gcc-8.3.0/missing m4'
MAINT='#'
MAINTAINER_MODE_FALSE=''
MAINTAINER_MODE_TRUE='#'
MAKEINFO='/home/aerol3/Documents/cote-master/dependencies/parse-json-0.1.0/gcc-8.3.0/missing makeinfo'
NM='nm'
NM_FOR_BUILD='$(NM)'
NM_FOR_TARGET='$(NM)'
OBJCOPY='objcopy'
OBJCOPY_FOR_TARGET='$(OBJCOPY)'
OBJDUMP='objdump'
OBJDUMP_FOR_TARGET='$(OBJDUMP)'
OBJEXT='o'
PACKAGE_BUGREPORT=''
PACKAGE_NAME=''
PACKAGE_STRING=''
PACKAGE_TARNAME=''
PACKAGE_URL=''
PACKAGE_VERSION=''
PATH_SEPARATOR=':'
RANLIB='ranlib'
RANLIB_FOR_BUILD='$(RANLIB)'
RANLIB_FOR_TARGET='$(RANLIB)'
RAW_CXX_FOR_TARGET='$$r/$(HOST_SUBDIR)/gcc/xgcc -shared-libgcc -B$$r/$(HOST_SUBDIR)/gcc -nostdinc++ -L$$r/$(TARGET_SUBDIR)/libstdc++-v3/src -L$$r/$(TARGET_SUBDIR)/libstdc++-v3/src/.libs -L$$r/$(TARGET_SUBDIR)/libstdc++-v3/libsupc++/.libs'
READELF='readelf'
READELF_FOR_TARGET='$(READELF)'
RPATH_ENVVAR='LD_LIBRARY_PATH'
RUNTEST='runtest'
SED='/usr/bin/sed'
SHELL='/bin/bash'
STRIP='strip'
STRIP_FOR_TARGET='$(STRIP)'
SYSROOT_CFLAGS_FOR_TARGET=''
TOPLEVEL_CONFIGURE_ARGUMENTS='../gcc-8.3.0/configure --disable-multilib --prefix=/home/aerol3/Documents/cote-master/dependencies/parse-json-0.1.0/gcc-8.3.0-build/../gcc-8.3.0-install'
WINDMC='windmc'
WINDMC_FOR_BUILD='$(WINDMC)'
WINDMC_FOR_TARGET='$(WINDMC)'
WINDRES='windres'
WINDRES_FOR_BUILD='$(WINDRES)'
WINDRES_FOR_TARGET='$(WINDRES)'
YACC='/home/aerol3/Documents/cote-master/dependencies/parse-json-0.1.0/gcc-8.3.0/missing bison -y'
ac_ct_CC='gcc'
ac_ct_CXX='g++'
bindir='${exec_prefix}/bin'
build='x86_64-pc-linux-gnu'
build_alias=''
build_configargs=' --cache-file=./config.cache '\''--disable-multilib'\'' '\''--prefix=/home/aerol3/Documents/cote-master/dependencies/parse-json-0.1.0/gcc-8.3.0-build/../gcc-8.3.0-install'\'' '\''--enable-languages=c,c++,fortran,lto,objc'\'' --program-transform-name='\''s,y,y,'\'' --disable-option-checking'
build_configdirs=' libiberty libcpp fixincludes'
build_cpu='x86_64'
build_libsubdir='build-x86_64-pc-linux-gnu'
build_noncanonical='x86_64-pc-linux-gnu'
build_os='linux-gnu'
build_subdir='build-x86_64-pc-linux-gnu'
build_tooldir='${exec_prefix}/x86_64-pc-linux-gnu'
build_vendor='pc'
compare_exclusions='gcc/cc*-checksum$(objext) | gcc/ada/*tools/*'
configdirs=' intl libiberty zlib libbacktrace libcpp libdecnumber gmp mpc fixincludes gcc libcc1 lto-plugin'
datadir='${datarootdir}'
datarootdir='${prefix}/share'
do_compare='cmp --ignore-initial=16 $$f1 $$f2'
docdir='${datarootdir}/doc/${PACKAGE}'
dvidir='${docdir}'
exec_prefix='${prefix}'
extra_host_libiberty_configure_flags='--enable-shared'
extra_host_zlib_configure_flags=''
extra_isl_gmp_configure_flags='--with-gmp-builddir=$$r/$(HOST_SUBDIR)/gmp'
extra_liboffloadmic_configure_flags=''
extra_linker_plugin_configure_flags=''
extra_linker_plugin_flags=''
extra_mpc_gmp_configure_flags='--with-gmp-include=$$r/$(HOST_SUBDIR)/gmp --with-gmp-lib=$$r/$(HOST_SUBDIR)/gmp/.libs'
extra_mpc_mpfr_configure_flags=''
extra_mpfr_configure_flags='--with-gmp-include=$$r/$(HOST_SUBDIR)/gmp --with-gmp-lib=$$r/$(HOST_SUBDIR)/gmp/.libs'
get_gcc_base_ver='cat'
gmpinc='-I$$r/$(HOST_SUBDIR)/gmp -I$$s/gmp -I$$s/mpc/src '
gmplibs='-L$$r/$(HOST_SUBDIR)/gmp/.libs -L$$r/$(HOST_SUBDIR)/mpc/src/.libs -lmpc -lmpfr -lgmp'
host='x86_64-pc-linux-gnu'
host_alias=''
host_configargs=' --cache-file=./config.cache  '\''--disable-multilib'\'' '\''--prefix=/home/aerol3/Documents/cote-master/dependencies/parse-json-0.1.0/gcc-8.3.0-build/../gcc-8.3.0-install'\'' '\''--enable-languages=c,c++,fortran,lto,objc'\'' --program-transform-name='\''s,y,y,'\'' --disable-option-checking'
host_cpu='x86_64'
host_noncanonical='x86_64-pc-linux-gnu'
host_os='linux-gnu'
host_shared='no'
host_subdir='.'
host_vendor='pc'
htmldir='${docdir}'
includedir='${prefix}/include'
infodir='${datarootdir}/info'
islinc=''
isllibs=''
libdir='${exec_prefix}/lib'
libexecdir='${exec_prefix}/libexec'
localedir='${datarootdir}/locale'
localstatedir='${prefix}/var'
mandir='${datarootdir}/man'
oldincludedir='/usr/include'
pdfdir='${docdir}'
poststage1_ldflags='-static-libstdc++ -static-libgcc'
poststage1_libs=''
prefix='/home/aerol3/Documents/cote-master/dependencies/parse-json-0.1.0/gcc-8.3.0-build/../gcc-8.3.0-install'
program_transform_name='s,y,y,'
psdir='${docdir}'
sbindir='${exec_prefix}/sbin'
sharedstatedir='${prefix}/com'
stage1_cflags='-g'
stage1_checking='--enable-checking=yes,types'
stage1_languages='c,c++,lto'
stage1_ldflags='-static-libstdc++ -static-libgcc'
stage1_libs=''
stage2_werror_flag=''
sysconfdir='${prefix}/etc'
target='x86_64-pc-linux-gnu'
target_alias=''
target_configargs='--cache-file=./config.cache   '\''--disable-multilib'\'' '\''--prefix=/home/aerol3/Documents/cote-master/dependencies/parse-json-0.1.0/gcc-8.3.0-build/../gcc-8.3.0-install'\'' '\''--enable-languages=c,c++,fortran,lto,objc'\'' --program-transform-name='\''s,y,y,'\'' --disable-option-checking'
target_configdirs=' libgcc libbacktrace libgomp libatomic libitm libstdc++-v3 libsanitizer libvtv libmpx libssp libquadmath libgfortran libobjc'
target_cpu='x86_64'
target_noncanonical='x86_64-pc-linux-gnu'
target_os='linux-gnu'
target_subdir='x86_64-pc-linux-gnu'
target_vendor='pc'
tooldir='${exec_prefix}/x86_64-pc-linux-gnu'

## ------------------- ##
## File substitutions. ##
## ------------------- ##

alphaieee_frag='/dev/null'
host_makefile_frag='/dev/null'
ospace_frag='/dev/null'
serialization_dependencies='serdep.tmp'
target_makefile_frag='../gcc-8.3.0/config/mt-gnu'

## ----------- ##
## confdefs.h. ##
## ----------- ##

/* confdefs.h */
#define PACKAGE_NAME ""
#define PACKAGE_TARNAME ""
#define PACKAGE_VERSION ""
#define PACKAGE_STRING ""
#define PACKAGE_BUGREPORT ""
#define PACKAGE_URL ""
#define LT_OBJDIR ".libs/"

configure: exit 0
